
-----
Test: test_user_auth.py::TestUserAuth::test_auth_user (setup)
Time: 2022-09-11 21:07:24.195145
Request method: POST
Request URL: https://playground.learnqa.ru/api/user/login
Request data: {'email': 'vinkotov@example.com', 'password': '1234'}
Request header: {}
Request cookies: {}

Response code: 200
Response text: {"user_id":2}
Response headers: {'Date': 'Sun, 11 Sep 2022 18:07:24 GMT', 'Content-Type': 'application/json', 'Content-Length': '13', 'Connection': 'keep-alive', 'Keep-Alive': 'timeout=10', 'Server': 'Apache', 'Set-Cookie': 'auth_sid=7934ff0192a70db410ba57acc8f5daa202e94918f1549272bcf2cafc2634fd9d', 'x-csrf-token': '70e4525e1b309dcf50804ee8ea570ef2f45c6e9902e94918f1549272bcf2cafc2634fd9d', 'Cache-Control': 'max-age=0', 'Expires': 'Sun, 11 Sep 2022 18:07:24 GMT'}
Response cookies: {'auth_sid': '7934ff0192a70db410ba57acc8f5daa202e94918f1549272bcf2cafc2634fd9d'}

-----

-----
Test: test_user_auth.py::TestUserAuth::test_auth_user (call)
Time: 2022-09-11 21:07:24.377373
Request method: GET
Request URL: https://playground.learnqa.ru/api/user/auth
Request data: None
Request header: {'x-csrf-token': '70e4525e1b309dcf50804ee8ea570ef2f45c6e9902e94918f1549272bcf2cafc2634fd9d'}
Request cookies: {'auth_sid': '7934ff0192a70db410ba57acc8f5daa202e94918f1549272bcf2cafc2634fd9d'}

Response code: 200
Response text: {"user_id":2}
Response headers: {'Date': 'Sun, 11 Sep 2022 18:07:24 GMT', 'Content-Type': 'application/json', 'Content-Length': '13', 'Connection': 'keep-alive', 'Keep-Alive': 'timeout=10', 'Server': 'Apache', 'Cache-Control': 'max-age=0', 'Expires': 'Sun, 11 Sep 2022 18:07:24 GMT'}
Response cookies: {}

-----

-----
Test: test_user_auth.py::TestUserAuth::test_negative_auth_check[no_cookie] (setup)
Time: 2022-09-11 21:07:24.697962
Request method: POST
Request URL: https://playground.learnqa.ru/api/user/login
Request data: {'email': 'vinkotov@example.com', 'password': '1234'}
Request header: {}
Request cookies: {}

Response code: 200
Response text: {"user_id":2}
Response headers: {'Date': 'Sun, 11 Sep 2022 18:07:24 GMT', 'Content-Type': 'application/json', 'Content-Length': '13', 'Connection': 'keep-alive', 'Keep-Alive': 'timeout=10', 'Server': 'Apache', 'Set-Cookie': 'auth_sid=8fdc507d33296532ff10999fd69e2ed902e94918f1549272bcf2cafc2634fd9d', 'x-csrf-token': '70e4525e1b309dcf50804ee8ea570ef2f45c6e9902e94918f1549272bcf2cafc2634fd9d', 'Cache-Control': 'max-age=0', 'Expires': 'Sun, 11 Sep 2022 18:07:24 GMT'}
Response cookies: {'auth_sid': '8fdc507d33296532ff10999fd69e2ed902e94918f1549272bcf2cafc2634fd9d'}

-----

-----
Test: test_user_auth.py::TestUserAuth::test_negative_auth_check[no_cookie] (call)
Time: 2022-09-11 21:07:24.815018
Request method: GET
Request URL: https://playground.learnqa.ru/api/user/auth
Request data: None
Request header: {'x-csrf-token': '70e4525e1b309dcf50804ee8ea570ef2f45c6e9902e94918f1549272bcf2cafc2634fd9d'}
Request cookies: {}

Response code: 200
Response text: {"user_id":0}
Response headers: {'Date': 'Sun, 11 Sep 2022 18:07:25 GMT', 'Content-Type': 'application/json', 'Content-Length': '13', 'Connection': 'keep-alive', 'Keep-Alive': 'timeout=10', 'Server': 'Apache', 'Cache-Control': 'max-age=0', 'Expires': 'Sun, 11 Sep 2022 18:07:24 GMT'}
Response cookies: {}

-----

-----
Test: test_user_auth.py::TestUserAuth::test_negative_auth_check[no_token] (setup)
Time: 2022-09-11 21:07:25.147544
Request method: POST
Request URL: https://playground.learnqa.ru/api/user/login
Request data: {'email': 'vinkotov@example.com', 'password': '1234'}
Request header: {}
Request cookies: {}

Response code: 200
Response text: {"user_id":2}
Response headers: {'Date': 'Sun, 11 Sep 2022 18:07:25 GMT', 'Content-Type': 'application/json', 'Content-Length': '13', 'Connection': 'keep-alive', 'Keep-Alive': 'timeout=10', 'Server': 'Apache', 'Set-Cookie': 'auth_sid=a3fddff2d425bb50b593ab218a13c33a02e94918f1549272bcf2cafc2634fd9d', 'x-csrf-token': '6de9521cc022cf7a1e33dac7c4e3ac3bbc6c3f1102e94918f1549272bcf2cafc2634fd9d', 'Cache-Control': 'max-age=0', 'Expires': 'Sun, 11 Sep 2022 18:07:25 GMT'}
Response cookies: {'auth_sid': 'a3fddff2d425bb50b593ab218a13c33a02e94918f1549272bcf2cafc2634fd9d'}

-----

-----
Test: test_user_auth.py::TestUserAuth::test_negative_auth_check[no_token] (call)
Time: 2022-09-11 21:07:25.324216
Request method: GET
Request URL: https://playground.learnqa.ru/api/user/auth
Request data: None
Request header: {}
Request cookies: {'auth_sid': 'a3fddff2d425bb50b593ab218a13c33a02e94918f1549272bcf2cafc2634fd9d'}

Response code: 200
Response text: {"user_id":0}
Response headers: {'Date': 'Sun, 11 Sep 2022 18:07:25 GMT', 'Content-Type': 'application/json', 'Content-Length': '13', 'Connection': 'keep-alive', 'Keep-Alive': 'timeout=10', 'Server': 'Apache', 'Cache-Control': 'max-age=0', 'Expires': 'Sun, 11 Sep 2022 18:07:25 GMT'}
Response cookies: {}

-----

-----
Test: test_user_edit.py::TestUserEdit::test_edit_just_created_user (call)
Time: 2022-09-11 21:07:25.626480
Request method: POST
Request URL: https://playground.learnqa.ru/api/user/
Request data: {'password': '123', 'username': 'learnqa', 'firstName': 'learnqa2', 'lastName': 'learnqa3', 'email': 'learnqa09112022210725@example.com'}
Request header: {}
Request cookies: {}

Response code: 200
Response text: {"id":"43044"}
Response headers: {'Date': 'Sun, 11 Sep 2022 18:07:26 GMT', 'Content-Type': 'application/json', 'Content-Length': '14', 'Connection': 'keep-alive', 'Keep-Alive': 'timeout=10', 'Server': 'Apache', 'Cache-Control': 'max-age=0', 'Expires': 'Sun, 11 Sep 2022 18:07:25 GMT'}
Response cookies: {}

-----

-----
Test: test_user_edit.py::TestUserEdit::test_edit_just_created_user (call)
Time: 2022-09-11 21:07:26.316156
Request method: POST
Request URL: https://playground.learnqa.ru/api/user/login
Request data: {'email': 'learnqa09112022210725@example.com', 'password': '123'}
Request header: {}
Request cookies: {}

Response code: 200
Response text: {"user_id":43044}
Response headers: {'Date': 'Sun, 11 Sep 2022 18:07:26 GMT', 'Content-Type': 'application/json', 'Content-Length': '17', 'Connection': 'keep-alive', 'Keep-Alive': 'timeout=10', 'Server': 'Apache', 'Set-Cookie': 'auth_sid=1a6dd92b705cbd62b0db862a4582910f089f60c3119ba86fb0685301cc28acef', 'x-csrf-token': '69cdec6eed446cd75c644f5ea6b22f0f803dde36089f60c3119ba86fb0685301cc28acef', 'Cache-Control': 'max-age=0', 'Expires': 'Sun, 11 Sep 2022 18:07:26 GMT'}
Response cookies: {'auth_sid': '1a6dd92b705cbd62b0db862a4582910f089f60c3119ba86fb0685301cc28acef'}

-----

-----
Test: test_user_edit.py::TestUserEdit::test_edit_just_created_user (call)
Time: 2022-09-11 21:07:26.445511
Request method: PUT
Request URL: https://playground.learnqa.ru/api/user/43044
Request data: {'firstName': 'Changed Name'}
Request header: {'x-csrf-token': '69cdec6eed446cd75c644f5ea6b22f0f803dde36089f60c3119ba86fb0685301cc28acef'}
Request cookies: {'auth_sid': '1a6dd92b705cbd62b0db862a4582910f089f60c3119ba86fb0685301cc28acef'}

Response code: 200
Response text: 
Response headers: {'Date': 'Sun, 11 Sep 2022 18:07:27 GMT', 'Content-Type': 'text/html; charset=utf-8', 'Content-Length': '0', 'Connection': 'keep-alive', 'Keep-Alive': 'timeout=10', 'Server': 'Apache', 'Cache-Control': 'max-age=0', 'Expires': 'Sun, 11 Sep 2022 18:07:26 GMT'}
Response cookies: {}

-----

-----
Test: test_user_edit.py::TestUserEdit::test_edit_just_created_user (call)
Time: 2022-09-11 21:07:27.265114
Request method: GET
Request URL: https://playground.learnqa.ru/api/user/43044
Request data: None
Request header: {'x-csrf-token': '69cdec6eed446cd75c644f5ea6b22f0f803dde36089f60c3119ba86fb0685301cc28acef'}
Request cookies: {'auth_sid': '1a6dd92b705cbd62b0db862a4582910f089f60c3119ba86fb0685301cc28acef'}

Response code: 200
Response text: {"id":"43044","username":"learnqa","email":"learnqa09112022210725@example.com","firstName":"Changed Name","lastName":"learnqa3"}
Response headers: {'Date': 'Sun, 11 Sep 2022 18:07:27 GMT', 'Content-Type': 'application/json', 'Transfer-Encoding': 'chunked', 'Connection': 'keep-alive', 'Keep-Alive': 'timeout=10', 'Vary': 'Accept-Encoding', 'Server': 'Apache', 'Cache-Control': 'max-age=0', 'Expires': 'Sun, 11 Sep 2022 18:07:27 GMT', 'Content-Encoding': 'gzip'}
Response cookies: {}

-----

-----
Test: test_user_get.py::TestUserGet::test_get_user_details_not_auth (call)
Time: 2022-09-11 21:07:27.871965
Request method: GET
Request URL: https://playground.learnqa.ru/api/user/2
Request data: None
Request header: {}
Request cookies: {}

Response code: 200
Response text: {"username":"Vitaliy"}
Response headers: {'Date': 'Sun, 11 Sep 2022 18:07:28 GMT', 'Content-Type': 'application/json', 'Transfer-Encoding': 'chunked', 'Connection': 'keep-alive', 'Keep-Alive': 'timeout=10', 'Vary': 'Accept-Encoding', 'Server': 'Apache', 'Cache-Control': 'max-age=0', 'Expires': 'Sun, 11 Sep 2022 18:07:28 GMT', 'Content-Encoding': 'gzip'}
Response cookies: {}

-----

-----
Test: test_user_get.py::TestUserGet::test_get_user_datails_auth_as_same_user (call)
Time: 2022-09-11 21:07:28.711835
Request method: POST
Request URL: https://playground.learnqa.ru/api/user/login
Request data: {'email': 'vinkotov@example.com', 'password': '1234'}
Request header: {}
Request cookies: {}

Response code: 200
Response text: {"user_id":2}
Response headers: {'Date': 'Sun, 11 Sep 2022 18:07:28 GMT', 'Content-Type': 'application/json', 'Content-Length': '13', 'Connection': 'keep-alive', 'Keep-Alive': 'timeout=10', 'Server': 'Apache', 'Set-Cookie': 'auth_sid=b895d054f3f6f92f6a79d298bd6d381402e94918f1549272bcf2cafc2634fd9d', 'x-csrf-token': '26cda9e3062ed9ad572de96f39e2e3d0090931e902e94918f1549272bcf2cafc2634fd9d', 'Cache-Control': 'max-age=0', 'Expires': 'Sun, 11 Sep 2022 18:07:28 GMT'}
Response cookies: {'auth_sid': 'b895d054f3f6f92f6a79d298bd6d381402e94918f1549272bcf2cafc2634fd9d'}

-----

-----
Test: test_user_get.py::TestUserGet::test_get_user_datails_auth_as_same_user (call)
Time: 2022-09-11 21:07:28.897485
Request method: GET
Request URL: https://playground.learnqa.ru/api/user/2
Request data: None
Request header: {'x-csrf-token': '26cda9e3062ed9ad572de96f39e2e3d0090931e902e94918f1549272bcf2cafc2634fd9d'}
Request cookies: {'auth_sid': 'b895d054f3f6f92f6a79d298bd6d381402e94918f1549272bcf2cafc2634fd9d'}

Response code: 200
Response text: {"id":"2","username":"Vitaliy","email":"vinkotov@example.com","firstName":"Vitalii","lastName":"Kotov"}
Response headers: {'Date': 'Sun, 11 Sep 2022 18:07:29 GMT', 'Content-Type': 'application/json', 'Transfer-Encoding': 'chunked', 'Connection': 'keep-alive', 'Keep-Alive': 'timeout=10', 'Vary': 'Accept-Encoding', 'Server': 'Apache', 'Cache-Control': 'max-age=0', 'Expires': 'Sun, 11 Sep 2022 18:07:29 GMT', 'Content-Encoding': 'gzip'}
Response cookies: {}

-----

-----
Test: test_user_register.py::TestUserRegister::test_create_user_successfully (call)
Time: 2022-09-11 21:07:29.710527
Request method: POST
Request URL: https://playground.learnqa.ru/api/user/
Request data: {'password': '123', 'username': 'learnqa', 'firstName': 'learnqa2', 'lastName': 'learnqa3', 'email': 'learnqa09112022210729@example.com'}
Request header: {}
Request cookies: {}

Response code: 200
Response text: {"id":"43045"}
Response headers: {'Date': 'Sun, 11 Sep 2022 18:07:30 GMT', 'Content-Type': 'application/json', 'Content-Length': '14', 'Connection': 'keep-alive', 'Keep-Alive': 'timeout=10', 'Server': 'Apache', 'Cache-Control': 'max-age=0', 'Expires': 'Sun, 11 Sep 2022 18:07:29 GMT'}
Response cookies: {}

-----

-----
Test: test_user_register.py::TestUserRegister::test_create_user_with_existing_email (call)
Time: 2022-09-11 21:07:30.405648
Request method: POST
Request URL: https://playground.learnqa.ru/api/user/
Request data: {'password': '123', 'username': 'learnqa', 'firstName': 'learnqa2', 'lastName': 'learnqa3', 'email': 'vinkotov@example.com'}
Request header: {}
Request cookies: {}

Response code: 400
Response text: Users with email 'vinkotov@example.com' already exists
Response headers: {'Date': 'Sun, 11 Sep 2022 18:07:31 GMT', 'Content-Type': 'text/html; charset=utf-8', 'Content-Length': '54', 'Connection': 'keep-alive', 'Keep-Alive': 'timeout=10', 'Server': 'Apache'}
Response cookies: {}

-----

-----
Test: test_user_register.py::TestUserRegister::test_create_user_with_not_correct_email (call)
Time: 2022-09-11 21:07:31.029976
Request method: POST
Request URL: https://playground.learnqa.ru/api/user/
Request data: {'password': '123', 'username': 'learnqa', 'firstName': 'learnqa2', 'lastName': 'learnqa3', 'email': 'vinkotovexample.com'}
Request header: {}
Request cookies: {}

Response code: 400
Response text: Invalid email format
Response headers: {'Date': 'Sun, 11 Sep 2022 18:07:31 GMT', 'Content-Type': 'text/html; charset=utf-8', 'Content-Length': '20', 'Connection': 'keep-alive', 'Keep-Alive': 'timeout=10', 'Server': 'Apache'}
Response cookies: {}

-----

-----
Test: test_user_register.py::TestUserRegister::test_create_user_with_no_one_parameter[password] (call)
Time: 2022-09-11 21:07:31.643435
Request method: POST
Request URL: https://playground.learnqa.ru/api/user/
Request data: {'username': 'learnqa', 'firstName': 'learnqa2', 'lastName': 'learnqa3', 'email': 'learnqa09112022210731@example.com'}
Request header: {}
Request cookies: {}

Response code: 400
Response text: The following required params are missed: password
Response headers: {'Date': 'Sun, 11 Sep 2022 18:07:32 GMT', 'Content-Type': 'text/html; charset=utf-8', 'Content-Length': '50', 'Connection': 'keep-alive', 'Keep-Alive': 'timeout=10', 'Server': 'Apache'}
Response cookies: {}

-----

-----
Test: test_user_register.py::TestUserRegister::test_create_user_with_no_one_parameter[username] (call)
Time: 2022-09-11 21:07:32.314718
Request method: POST
Request URL: https://playground.learnqa.ru/api/user/
Request data: {'password': '123', 'firstName': 'learnqa2', 'lastName': 'learnqa3', 'email': 'learnqa09112022210732@example.com'}
Request header: {}
Request cookies: {}

Response code: 400
Response text: The following required params are missed: username
Response headers: {'Date': 'Sun, 11 Sep 2022 18:07:33 GMT', 'Content-Type': 'text/html; charset=utf-8', 'Content-Length': '50', 'Connection': 'keep-alive', 'Keep-Alive': 'timeout=10', 'Server': 'Apache'}
Response cookies: {}

-----

-----
Test: test_user_register.py::TestUserRegister::test_create_user_with_no_one_parameter[firstName] (call)
Time: 2022-09-11 21:07:32.989251
Request method: POST
Request URL: https://playground.learnqa.ru/api/user/
Request data: {'password': '123', 'username': 'learnqa', 'lastName': 'learnqa3', 'email': 'learnqa09112022210732@example.com'}
Request header: {}
Request cookies: {}

Response code: 400
Response text: The following required params are missed: firstName
Response headers: {'Date': 'Sun, 11 Sep 2022 18:07:33 GMT', 'Content-Type': 'text/html; charset=utf-8', 'Content-Length': '51', 'Connection': 'keep-alive', 'Keep-Alive': 'timeout=10', 'Server': 'Apache'}
Response cookies: {}

-----

-----
Test: test_user_register.py::TestUserRegister::test_create_user_with_no_one_parameter[lastName] (call)
Time: 2022-09-11 21:07:33.652993
Request method: POST
Request URL: https://playground.learnqa.ru/api/user/
Request data: {'password': '123', 'username': 'learnqa', 'firstName': 'learnqa2', 'email': 'learnqa09112022210733@example.com'}
Request header: {}
Request cookies: {}

Response code: 400
Response text: The following required params are missed: lastName
Response headers: {'Date': 'Sun, 11 Sep 2022 18:07:34 GMT', 'Content-Type': 'text/html; charset=utf-8', 'Content-Length': '50', 'Connection': 'keep-alive', 'Keep-Alive': 'timeout=10', 'Server': 'Apache'}
Response cookies: {}

-----

-----
Test: test_user_register.py::TestUserRegister::test_create_user_with_no_one_parameter[email] (call)
Time: 2022-09-11 21:07:34.307188
Request method: POST
Request URL: https://playground.learnqa.ru/api/user/
Request data: {'password': '123', 'username': 'learnqa', 'firstName': 'learnqa2', 'lastName': 'learnqa3'}
Request header: {}
Request cookies: {}

Response code: 400
Response text: The following required params are missed: email
Response headers: {'Date': 'Sun, 11 Sep 2022 18:07:34 GMT', 'Content-Type': 'text/html; charset=utf-8', 'Content-Length': '47', 'Connection': 'keep-alive', 'Keep-Alive': 'timeout=10', 'Server': 'Apache'}
Response cookies: {}

-----

-----
Test: test_user_register.py::TestUserRegister::test_create_user_with_short_name (call)
Time: 2022-09-11 21:07:34.919925
Request method: POST
Request URL: https://playground.learnqa.ru/api/user/
Request data: {'password': '123', 'username': 'a', 'firstName': 'learnqa2', 'lastName': 'learnqa3', 'email': 'learnqa09112022210734@example.com'}
Request header: {}
Request cookies: {}

Response code: 400
Response text: The value of 'username' field is too short
Response headers: {'Date': 'Sun, 11 Sep 2022 18:07:35 GMT', 'Content-Type': 'text/html; charset=utf-8', 'Content-Length': '42', 'Connection': 'keep-alive', 'Keep-Alive': 'timeout=10', 'Server': 'Apache'}
Response cookies: {}

-----

-----
Test: test_user_register.py::TestUserRegister::test_create_user_with_long_name (call)
Time: 2022-09-11 21:07:35.586184
Request method: POST
Request URL: https://playground.learnqa.ru/api/user/
Request data: {'password': '123', 'username': 'aaaaaaaaaaaaaaaaaaaaaaaaaaaaaaaaaaaaaaaaaaaaaaaaaaaaaaaaaaaaaaaaaaaaaaaaaaaaaaaaaaaaaaaaaaaaaaaaaaaaaaaaaaaaaaaaaaaaaaaaaaaaaaaaaaaaaaaaaaaaaaaaaaaaaaaaaaaaaaaaaaaaaaaaaaaaaaaaaaaaaaaaaaaaaaaaaaaaaaaaaaaaaaaaaaaaaaaaaaaaaaaaaaaaaaaaaaaaaaaaaaaaaaaaaaaaaaa', 'firstName': 'learnqa2', 'lastName': 'learnqa3', 'email': 'learnqa09112022210735@example.com'}
Request header: {}
Request cookies: {}

Response code: 400
Response text: The value of 'username' field is too long
Response headers: {'Date': 'Sun, 11 Sep 2022 18:07:36 GMT', 'Content-Type': 'text/html; charset=utf-8', 'Content-Length': '41', 'Connection': 'keep-alive', 'Keep-Alive': 'timeout=10', 'Server': 'Apache'}
Response cookies: {}

-----
