
-----
Test: test_user_auth.py::TestUserAuth::test_auth_user (setup)
Time: 2022-09-11 21:04:15.375578
Request method: POST
Request URL: https://playground.learnqa.ru/api/user/login
Request data: {'email': 'vinkotov@example.com', 'password': '1234'}
Request header: {}
Request cookies: {}

Response code: 200
Response text: {"user_id":2}
Response headers: {'Date': 'Sun, 11 Sep 2022 18:04:15 GMT', 'Content-Type': 'application/json', 'Content-Length': '13', 'Connection': 'keep-alive', 'Keep-Alive': 'timeout=10', 'Server': 'Apache', 'Set-Cookie': 'auth_sid=c1bfadb6047365257718236ad8ee11bb02e94918f1549272bcf2cafc2634fd9d', 'x-csrf-token': '42864c5d6f54d3d6c11330b152dcfce60571c71002e94918f1549272bcf2cafc2634fd9d', 'Cache-Control': 'max-age=0', 'Expires': 'Sun, 11 Sep 2022 18:04:15 GMT'}
Response cookies: {'auth_sid': 'c1bfadb6047365257718236ad8ee11bb02e94918f1549272bcf2cafc2634fd9d'}

-----

-----
Test: test_user_auth.py::TestUserAuth::test_auth_user (call)
Time: 2022-09-11 21:04:15.559015
Request method: GET
Request URL: https://playground.learnqa.ru/api/user/auth
Request data: None
Request header: {'x-csrf-token': '42864c5d6f54d3d6c11330b152dcfce60571c71002e94918f1549272bcf2cafc2634fd9d'}
Request cookies: {'auth_sid': 'c1bfadb6047365257718236ad8ee11bb02e94918f1549272bcf2cafc2634fd9d'}

Response code: 200
Response text: {"user_id":2}
Response headers: {'Date': 'Sun, 11 Sep 2022 18:04:15 GMT', 'Content-Type': 'application/json', 'Content-Length': '13', 'Connection': 'keep-alive', 'Keep-Alive': 'timeout=10', 'Server': 'Apache', 'Cache-Control': 'max-age=0', 'Expires': 'Sun, 11 Sep 2022 18:04:15 GMT'}
Response cookies: {}

-----

-----
Test: test_user_auth.py::TestUserAuth::test_negative_auth_check[no_cookie] (setup)
Time: 2022-09-11 21:04:15.864009
Request method: POST
Request URL: https://playground.learnqa.ru/api/user/login
Request data: {'email': 'vinkotov@example.com', 'password': '1234'}
Request header: {}
Request cookies: {}

Response code: 200
Response text: {"user_id":2}
Response headers: {'Date': 'Sun, 11 Sep 2022 18:04:16 GMT', 'Content-Type': 'application/json', 'Content-Length': '13', 'Connection': 'keep-alive', 'Keep-Alive': 'timeout=10', 'Server': 'Apache', 'Set-Cookie': 'auth_sid=223023a3d2dbf1a1e7e9d73c801efc7002e94918f1549272bcf2cafc2634fd9d', 'x-csrf-token': '67571effe683800b07fefb9369beb371807ba8aa02e94918f1549272bcf2cafc2634fd9d', 'Cache-Control': 'max-age=0', 'Expires': 'Sun, 11 Sep 2022 18:04:16 GMT'}
Response cookies: {'auth_sid': '223023a3d2dbf1a1e7e9d73c801efc7002e94918f1549272bcf2cafc2634fd9d'}

-----

-----
Test: test_user_auth.py::TestUserAuth::test_negative_auth_check[no_cookie] (call)
Time: 2022-09-11 21:04:16.037082
Request method: GET
Request URL: https://playground.learnqa.ru/api/user/auth
Request data: None
Request header: {'x-csrf-token': '67571effe683800b07fefb9369beb371807ba8aa02e94918f1549272bcf2cafc2634fd9d'}
Request cookies: {}

Response code: 200
Response text: {"user_id":0}
Response headers: {'Date': 'Sun, 11 Sep 2022 18:04:16 GMT', 'Content-Type': 'application/json', 'Content-Length': '13', 'Connection': 'keep-alive', 'Keep-Alive': 'timeout=10', 'Server': 'Apache', 'Cache-Control': 'max-age=0', 'Expires': 'Sun, 11 Sep 2022 18:04:16 GMT'}
Response cookies: {}

-----

-----
Test: test_user_auth.py::TestUserAuth::test_negative_auth_check[no_token] (setup)
Time: 2022-09-11 21:04:16.339665
Request method: POST
Request URL: https://playground.learnqa.ru/api/user/login
Request data: {'email': 'vinkotov@example.com', 'password': '1234'}
Request header: {}
Request cookies: {}

Response code: 200
Response text: {"user_id":2}
Response headers: {'Date': 'Sun, 11 Sep 2022 18:04:16 GMT', 'Content-Type': 'application/json', 'Content-Length': '13', 'Connection': 'keep-alive', 'Keep-Alive': 'timeout=10', 'Server': 'Apache', 'Set-Cookie': 'auth_sid=6d9d72479ce7f303636735ff2f40465702e94918f1549272bcf2cafc2634fd9d', 'x-csrf-token': '5a9d24b5c515b46b9a3fef801d41ee0e9661513602e94918f1549272bcf2cafc2634fd9d', 'Cache-Control': 'max-age=0', 'Expires': 'Sun, 11 Sep 2022 18:04:16 GMT'}
Response cookies: {'auth_sid': '6d9d72479ce7f303636735ff2f40465702e94918f1549272bcf2cafc2634fd9d'}

-----

-----
Test: test_user_auth.py::TestUserAuth::test_negative_auth_check[no_token] (call)
Time: 2022-09-11 21:04:16.449046
Request method: GET
Request URL: https://playground.learnqa.ru/api/user/auth
Request data: None
Request header: {}
Request cookies: {'auth_sid': '6d9d72479ce7f303636735ff2f40465702e94918f1549272bcf2cafc2634fd9d'}

Response code: 200
Response text: {"user_id":0}
Response headers: {'Date': 'Sun, 11 Sep 2022 18:04:16 GMT', 'Content-Type': 'application/json', 'Content-Length': '13', 'Connection': 'keep-alive', 'Keep-Alive': 'timeout=10', 'Server': 'Apache', 'Cache-Control': 'max-age=0', 'Expires': 'Sun, 11 Sep 2022 18:04:16 GMT'}
Response cookies: {}

-----
